{"E:\\public_html\\k2-react-utils\\src\\Content.tsx": {"path":"E:\\public_html\\k2-react-utils\\src\\Content.tsx","statementMap":{"0":{"start":{"line":1,"column":0},"end":{"line":1,"column":31}},"1":{"start":{"line":8,"column":49},"end":{"line":15,"column":1}},"2":{"start":{"line":9,"column":9},"end":{"line":9,"column":13}},"3":{"start":{"line":10,"column":22},"end":{"line":12,"column":2}},"4":{"start":{"line":11,"column":2},"end":{"line":11,"column":29}},"5":{"start":{"line":14,"column":1},"end":{"line":14,"column":62}},"6":{"start":{"line":17,"column":9},"end":{"line":17,"column":16}}},"fnMap":{"0":{"name":"(anonymous_0)","decl":{"start":{"line":8,"column":49},"end":{"line":8,"column":50}},"loc":{"start":{"line":8,"column":55},"end":{"line":15,"column":1}}},"1":{"name":"(anonymous_1)","decl":{"start":{"line":10,"column":22},"end":{"line":10,"column":23}},"loc":{"start":{"line":10,"column":38},"end":{"line":12,"column":2}}}},"branchMap":{},"s":{"0":1,"1":1,"2":1,"3":1,"4":1,"5":1,"6":1},"f":{"0":1,"1":1},"b":{}}
,"E:\\public_html\\k2-react-utils\\src\\deviceService.ts": {"path":"E:\\public_html\\k2-react-utils\\src\\deviceService.ts","statementMap":{"0":{"start":{"line":11,"column":27},"end":{"line":26,"column":1}},"1":{"start":{"line":11,"column":28},"end":{"line":11,"column":null}},"2":{"start":{"line":12,"column":4},"end":{"line":14,"column":null}},"3":{"start":{"line":13,"column":8},"end":{"line":13,"column":null}},"4":{"start":{"line":15,"column":4},"end":{"line":17,"column":null}},"5":{"start":{"line":16,"column":8},"end":{"line":16,"column":null}},"6":{"start":{"line":18,"column":4},"end":{"line":20,"column":null}},"7":{"start":{"line":19,"column":8},"end":{"line":19,"column":null}},"8":{"start":{"line":21,"column":4},"end":{"line":23,"column":null}},"9":{"start":{"line":22,"column":8},"end":{"line":22,"column":null}},"10":{"start":{"line":25,"column":4},"end":{"line":25,"column":null}},"11":{"start":{"line":77,"column":4},"end":{"line":77,"column":22}},"12":{"start":{"line":28,"column":23},"end":{"line":58,"column":1}},"13":{"start":{"line":28,"column":24},"end":{"line":28,"column":null}},"14":{"start":{"line":29,"column":4},"end":{"line":31,"column":null}},"15":{"start":{"line":30,"column":8},"end":{"line":30,"column":null}},"16":{"start":{"line":32,"column":4},"end":{"line":34,"column":null}},"17":{"start":{"line":33,"column":8},"end":{"line":33,"column":null}},"18":{"start":{"line":35,"column":4},"end":{"line":37,"column":null}},"19":{"start":{"line":36,"column":8},"end":{"line":36,"column":null}},"20":{"start":{"line":38,"column":4},"end":{"line":40,"column":null}},"21":{"start":{"line":39,"column":8},"end":{"line":39,"column":null}},"22":{"start":{"line":41,"column":4},"end":{"line":43,"column":null}},"23":{"start":{"line":42,"column":8},"end":{"line":42,"column":null}},"24":{"start":{"line":44,"column":4},"end":{"line":46,"column":null}},"25":{"start":{"line":45,"column":8},"end":{"line":45,"column":null}},"26":{"start":{"line":47,"column":4},"end":{"line":49,"column":null}},"27":{"start":{"line":48,"column":8},"end":{"line":48,"column":null}},"28":{"start":{"line":50,"column":4},"end":{"line":52,"column":null}},"29":{"start":{"line":51,"column":8},"end":{"line":51,"column":null}},"30":{"start":{"line":53,"column":4},"end":{"line":55,"column":null}},"31":{"start":{"line":54,"column":8},"end":{"line":54,"column":null}},"32":{"start":{"line":57,"column":4},"end":{"line":57,"column":16}},"33":{"start":{"line":75,"column":4},"end":{"line":75,"column":18}},"34":{"start":{"line":61,"column":20},"end":{"line":67,"column":1}},"35":{"start":{"line":61,"column":21},"end":{"line":61,"column":null}},"36":{"start":{"line":62,"column":4},"end":{"line":64,"column":null}},"37":{"start":{"line":63,"column":8},"end":{"line":63,"column":null}},"38":{"start":{"line":66,"column":4},"end":{"line":66,"column":null}},"39":{"start":{"line":78,"column":4},"end":{"line":78,"column":15}}},"fnMap":{"0":{"name":"(anonymous_0)","decl":{"start":{"line":11,"column":27},"end":{"line":11,"column":28}},"loc":{"start":{"line":11,"column":67},"end":{"line":26,"column":1}}},"1":{"name":"(anonymous_1)","decl":{"start":{"line":28,"column":23},"end":{"line":28,"column":24}},"loc":{"start":{"line":28,"column":63},"end":{"line":58,"column":1}}},"2":{"name":"(anonymous_2)","decl":{"start":{"line":61,"column":20},"end":{"line":61,"column":21}},"loc":{"start":{"line":61,"column":60},"end":{"line":67,"column":1}}}},"branchMap":{"0":{"loc":{"start":{"line":11,"column":28},"end":{"line":11,"column":null}},"type":"if","locations":[{"start":{"line":11,"column":28},"end":{"line":11,"column":null}},{"start":{"line":11,"column":28},"end":{"line":11,"column":null}}]},"1":{"loc":{"start":{"line":12,"column":4},"end":{"line":14,"column":null}},"type":"if","locations":[{"start":{"line":12,"column":4},"end":{"line":14,"column":null}},{"start":{"line":12,"column":4},"end":{"line":14,"column":null}}]},"2":{"loc":{"start":{"line":15,"column":4},"end":{"line":17,"column":null}},"type":"if","locations":[{"start":{"line":15,"column":4},"end":{"line":17,"column":null}},{"start":{"line":15,"column":4},"end":{"line":17,"column":null}}]},"3":{"loc":{"start":{"line":18,"column":4},"end":{"line":20,"column":null}},"type":"if","locations":[{"start":{"line":18,"column":4},"end":{"line":20,"column":null}},{"start":{"line":18,"column":4},"end":{"line":20,"column":null}}]},"4":{"loc":{"start":{"line":21,"column":4},"end":{"line":23,"column":null}},"type":"if","locations":[{"start":{"line":21,"column":4},"end":{"line":23,"column":null}},{"start":{"line":21,"column":4},"end":{"line":23,"column":null}}]},"5":{"loc":{"start":{"line":28,"column":24},"end":{"line":28,"column":null}},"type":"if","locations":[{"start":{"line":28,"column":24},"end":{"line":28,"column":null}},{"start":{"line":28,"column":24},"end":{"line":28,"column":null}}]},"6":{"loc":{"start":{"line":29,"column":4},"end":{"line":31,"column":null}},"type":"if","locations":[{"start":{"line":29,"column":4},"end":{"line":31,"column":null}},{"start":{"line":29,"column":4},"end":{"line":31,"column":null}}]},"7":{"loc":{"start":{"line":32,"column":4},"end":{"line":34,"column":null}},"type":"if","locations":[{"start":{"line":32,"column":4},"end":{"line":34,"column":null}},{"start":{"line":32,"column":4},"end":{"line":34,"column":null}}]},"8":{"loc":{"start":{"line":35,"column":4},"end":{"line":37,"column":null}},"type":"if","locations":[{"start":{"line":35,"column":4},"end":{"line":37,"column":null}},{"start":{"line":35,"column":4},"end":{"line":37,"column":null}}]},"9":{"loc":{"start":{"line":38,"column":4},"end":{"line":40,"column":null}},"type":"if","locations":[{"start":{"line":38,"column":4},"end":{"line":40,"column":null}},{"start":{"line":38,"column":4},"end":{"line":40,"column":null}}]},"10":{"loc":{"start":{"line":41,"column":4},"end":{"line":43,"column":null}},"type":"if","locations":[{"start":{"line":41,"column":4},"end":{"line":43,"column":null}},{"start":{"line":41,"column":4},"end":{"line":43,"column":null}}]},"11":{"loc":{"start":{"line":44,"column":4},"end":{"line":46,"column":null}},"type":"if","locations":[{"start":{"line":44,"column":4},"end":{"line":46,"column":null}},{"start":{"line":44,"column":4},"end":{"line":46,"column":null}}]},"12":{"loc":{"start":{"line":47,"column":4},"end":{"line":49,"column":null}},"type":"if","locations":[{"start":{"line":47,"column":4},"end":{"line":49,"column":null}},{"start":{"line":47,"column":4},"end":{"line":49,"column":null}}]},"13":{"loc":{"start":{"line":50,"column":4},"end":{"line":52,"column":null}},"type":"if","locations":[{"start":{"line":50,"column":4},"end":{"line":52,"column":null}},{"start":{"line":50,"column":4},"end":{"line":52,"column":null}}]},"14":{"loc":{"start":{"line":53,"column":4},"end":{"line":55,"column":null}},"type":"if","locations":[{"start":{"line":53,"column":4},"end":{"line":55,"column":null}},{"start":{"line":53,"column":4},"end":{"line":55,"column":null}}]},"15":{"loc":{"start":{"line":61,"column":21},"end":{"line":61,"column":null}},"type":"if","locations":[{"start":{"line":61,"column":21},"end":{"line":61,"column":null}},{"start":{"line":61,"column":21},"end":{"line":61,"column":null}}]},"16":{"loc":{"start":{"line":62,"column":4},"end":{"line":64,"column":null}},"type":"if","locations":[{"start":{"line":62,"column":4},"end":{"line":64,"column":null}},{"start":{"line":62,"column":4},"end":{"line":64,"column":null}}]}},"s":{"0":2,"1":13,"2":13,"3":5,"4":8,"5":2,"6":6,"7":4,"8":2,"9":2,"10":0,"11":2,"12":2,"13":13,"14":13,"15":1,"16":12,"17":0,"18":12,"19":5,"20":7,"21":0,"22":7,"23":3,"24":4,"25":0,"26":4,"27":4,"28":0,"29":0,"30":0,"31":0,"32":0,"33":2,"34":2,"35":13,"36":13,"37":4,"38":9,"39":2},"f":{"0":13,"1":13,"2":13},"b":{"0":[0,13],"1":[5,8],"2":[2,6],"3":[4,2],"4":[2,0],"5":[0,13],"6":[1,12],"7":[0,12],"8":[5,7],"9":[0,7],"10":[3,4],"11":[0,4],"12":[4,0],"13":[0,0],"14":[0,0],"15":[0,13],"16":[4,9]}}
,"E:\\public_html\\k2-react-utils\\src\\hostEnv.ts": {"path":"E:\\public_html\\k2-react-utils\\src\\hostEnv.ts","statementMap":{"0":{"start":{"line":1,"column":23},"end":{"line":8,"column":1}},"1":{"start":{"line":1,"column":24},"end":{"line":1,"column":null}},"2":{"start":{"line":2,"column":29},"end":{"line":2,"column":93}},"3":{"start":{"line":4,"column":4},"end":{"line":7,"column":6}},"4":{"start":{"line":10,"column":9},"end":{"line":10,"column":23}}},"fnMap":{"0":{"name":"(anonymous_0)","decl":{"start":{"line":1,"column":23},"end":{"line":1,"column":24}},"loc":{"start":{"line":1,"column":59},"end":{"line":8,"column":1}}}},"branchMap":{"0":{"loc":{"start":{"line":1,"column":24},"end":{"line":1,"column":null}},"type":"if","locations":[{"start":{"line":1,"column":24},"end":{"line":1,"column":null}},{"start":{"line":1,"column":24},"end":{"line":1,"column":null}}]},"1":{"loc":{"start":{"line":2,"column":29},"end":{"line":2,"column":59}},"type":"binary-expr","locations":[{"start":{"line":2,"column":29},"end":{"line":2,"column":59}},{"start":{"line":2,"column":63},"end":{"line":2,"column":93}}]}},"s":{"0":1,"1":3,"2":2,"3":2,"4":1},"f":{"0":2},"b":{"0":[1,1],"1":[2,1]}}
,"E:\\public_html\\k2-react-utils\\src\\useDevice.ts": {"path":"E:\\public_html\\k2-react-utils\\src\\useDevice.ts","statementMap":{"0":{"start":{"line":1,"column":0},"end":{"line":1,"column":31}},"1":{"start":{"line":2,"column":0},"end":{"line":2,"column":null}},"2":{"start":{"line":6,"column":8},"end":{"line":6,"column":16}},"3":{"start":{"line":25,"column":18},"end":{"line":38,"column":1}},"4":{"start":{"line":25,"column":19},"end":{"line":25,"column":null}},"5":{"start":{"line":27,"column":11},"end":{"line":27,"column":22}},"6":{"start":{"line":28,"column":11},"end":{"line":28,"column":25}},"7":{"start":{"line":29,"column":11},"end":{"line":29,"column":19}},"8":{"start":{"line":33,"column":4},"end":{"line":37,"column":6}},"9":{"start":{"line":41,"column":4},"end":{"line":41,"column":13}}},"fnMap":{"0":{"name":"(anonymous_0)","decl":{"start":{"line":25,"column":18},"end":{"line":25,"column":19}},"loc":{"start":{"line":25,"column":58},"end":{"line":38,"column":1}}}},"branchMap":{"0":{"loc":{"start":{"line":25,"column":19},"end":{"line":25,"column":null}},"type":"if","locations":[{"start":{"line":25,"column":19},"end":{"line":25,"column":null}},{"start":{"line":25,"column":19},"end":{"line":25,"column":null}}]}},"s":{"0":1,"1":1,"2":1,"3":1,"4":4,"5":4,"6":4,"7":4,"8":4,"9":1},"f":{"0":4},"b":{"0":[0,4]}}
}
