{"E:\\public_html\\k2-react-utils\\src\\Content.tsx": {"path":"E:\\public_html\\k2-react-utils\\src\\Content.tsx","statementMap":{"0":{"start":{"line":1,"column":0},"end":{"line":1,"column":31}},"1":{"start":{"line":8,"column":49},"end":{"line":15,"column":1}},"2":{"start":{"line":9,"column":9},"end":{"line":9,"column":13}},"3":{"start":{"line":10,"column":22},"end":{"line":12,"column":2}},"4":{"start":{"line":11,"column":2},"end":{"line":11,"column":29}},"5":{"start":{"line":14,"column":1},"end":{"line":14,"column":62}},"6":{"start":{"line":17,"column":9},"end":{"line":17,"column":16}}},"fnMap":{"0":{"name":"(anonymous_0)","decl":{"start":{"line":8,"column":49},"end":{"line":8,"column":50}},"loc":{"start":{"line":8,"column":55},"end":{"line":15,"column":1}}},"1":{"name":"(anonymous_1)","decl":{"start":{"line":10,"column":22},"end":{"line":10,"column":23}},"loc":{"start":{"line":10,"column":38},"end":{"line":12,"column":2}}}},"branchMap":{},"s":{"0":1,"1":1,"2":1,"3":1,"4":1,"5":1,"6":1},"f":{"0":1,"1":1},"b":{}}
,"E:\\public_html\\k2-react-utils\\src\\hostEnv.ts": {"path":"E:\\public_html\\k2-react-utils\\src\\hostEnv.ts","statementMap":{"0":{"start":{"line":1,"column":23},"end":{"line":8,"column":1}},"1":{"start":{"line":1,"column":24},"end":{"line":1,"column":null}},"2":{"start":{"line":2,"column":29},"end":{"line":2,"column":93}},"3":{"start":{"line":4,"column":4},"end":{"line":7,"column":6}},"4":{"start":{"line":10,"column":9},"end":{"line":10,"column":23}}},"fnMap":{"0":{"name":"(anonymous_0)","decl":{"start":{"line":1,"column":23},"end":{"line":1,"column":24}},"loc":{"start":{"line":1,"column":59},"end":{"line":8,"column":1}}}},"branchMap":{"0":{"loc":{"start":{"line":1,"column":24},"end":{"line":1,"column":null}},"type":"if","locations":[{"start":{"line":1,"column":24},"end":{"line":1,"column":null}},{"start":{"line":1,"column":24},"end":{"line":1,"column":null}}]},"1":{"loc":{"start":{"line":2,"column":29},"end":{"line":2,"column":59}},"type":"binary-expr","locations":[{"start":{"line":2,"column":29},"end":{"line":2,"column":59}},{"start":{"line":2,"column":63},"end":{"line":2,"column":93}}]}},"s":{"0":1,"1":3,"2":2,"3":2,"4":1},"f":{"0":2},"b":{"0":[1,1],"1":[2,1]}}
}
