TN:
SF:E:\public_html\k2-react-utils\src\Content.tsx
FN:8,(anonymous_0)
FN:10,(anonymous_1)
FNF:2
FNH:2
FNDA:1,(anonymous_0)
FNDA:1,(anonymous_1)
DA:1,1
DA:8,1
DA:9,1
DA:10,1
DA:11,1
DA:14,1
DA:17,1
LF:7
LH:7
BRF:0
BRH:0
end_of_record
TN:
SF:E:\public_html\k2-react-utils\src\deviceService.ts
FN:11,(anonymous_0)
FN:28,(anonymous_1)
FN:61,(anonymous_2)
FNF:3
FNH:3
FNDA:13,(anonymous_0)
FNDA:13,(anonymous_1)
FNDA:13,(anonymous_2)
DA:11,13
DA:12,13
DA:13,5
DA:15,8
DA:16,2
DA:18,6
DA:19,4
DA:21,2
DA:22,2
DA:25,0
DA:28,13
DA:29,13
DA:30,1
DA:32,12
DA:33,0
DA:35,12
DA:36,5
DA:38,7
DA:39,0
DA:41,7
DA:42,3
DA:44,4
DA:45,0
DA:47,4
DA:48,4
DA:50,0
DA:51,0
DA:53,0
DA:54,0
DA:57,0
DA:61,13
DA:62,13
DA:63,4
DA:66,9
DA:75,2
DA:77,2
DA:78,2
LF:37
LH:28
BRDA:11,0,0,0
BRDA:11,0,1,13
BRDA:12,1,0,5
BRDA:12,1,1,8
BRDA:15,2,0,2
BRDA:15,2,1,6
BRDA:18,3,0,4
BRDA:18,3,1,2
BRDA:21,4,0,2
BRDA:21,4,1,0
BRDA:28,5,0,0
BRDA:28,5,1,13
BRDA:29,6,0,1
BRDA:29,6,1,12
BRDA:32,7,0,0
BRDA:32,7,1,12
BRDA:35,8,0,5
BRDA:35,8,1,7
BRDA:38,9,0,0
BRDA:38,9,1,7
BRDA:41,10,0,3
BRDA:41,10,1,4
BRDA:44,11,0,0
BRDA:44,11,1,4
BRDA:47,12,0,4
BRDA:47,12,1,0
BRDA:50,13,0,0
BRDA:50,13,1,0
BRDA:53,14,0,0
BRDA:53,14,1,0
BRDA:61,15,0,0
BRDA:61,15,1,13
BRDA:62,16,0,4
BRDA:62,16,1,9
BRF:34
BRH:22
end_of_record
TN:
SF:E:\public_html\k2-react-utils\src\hostEnv.ts
FN:1,(anonymous_0)
FNF:1
FNH:1
FNDA:2,(anonymous_0)
DA:1,3
DA:2,2
DA:4,2
DA:10,1
LF:4
LH:4
BRDA:1,0,0,1
BRDA:1,0,1,1
BRDA:2,1,0,2
BRDA:2,1,1,1
BRF:4
BRH:4
end_of_record
TN:
SF:E:\public_html\k2-react-utils\src\useDevice.ts
FN:25,(anonymous_0)
FNF:1
FNH:1
FNDA:4,(anonymous_0)
DA:1,1
DA:2,1
DA:6,1
DA:25,4
DA:27,4
DA:28,4
DA:29,4
DA:33,4
DA:41,1
LF:9
LH:9
BRDA:25,0,0,0
BRDA:25,0,1,4
BRF:2
BRH:1
end_of_record
